# JRE version: Java(TM) SE Runtime Environment (8.0_51-b16) (build 1.8.0_51-b16)
# Java VM: Java HotSpot(TM) 64-Bit Server VM (25.51-b03 mixed mode linux-amd64 compressed oops)
Heap:
 PSYoungGen      total 139264K, used 130710K [0x000000076cd00000, 0x0000000779380000, 0x00000007c0000000)
  eden space 129024K, 93% used [0x000000076cd00000,0x00000007742a6e20,0x0000000774b00000)
  from space 10240K, 99% used [0x0000000774b00000,0x00000007754fecb0,0x0000000775500000)
  to   space 10240K, 0% used [0x0000000778980000,0x0000000778980000,0x0000000779380000)
 ParOldGen       total 111616K, used 11546K [0x00000006c6600000, 0x00000006cd300000, 0x000000076cd00000)
  object space 111616K, 10% used [0x00000006c6600000,0x00000006c71469f0,0x00000006cd300000)
 Metaspace       used 32874K, capacity 33304K, committed 33664K, reserved 1079296K
  class space    used 4016K, capacity 4146K, committed 4224K, reserved 1048576K
GC Heap History (8 events):
Event: 1.190 GC heap before
{Heap before GC invocations=1 (full 0):
 PSYoungGen      total 74752K, used 64512K [0x000000076cd00000, 0x0000000772000000, 0x00000007c0000000)
  eden space 64512K, 100% used [0x000000076cd00000,0x0000000770c00000,0x0000000770c00000)
  from space 10240K, 0% used [0x0000000771600000,0x0000000771600000,0x0000000772000000)
  to   space 10240K, 0% used [0x0000000770c00000,0x0000000770c00000,0x0000000771600000)
 ParOldGen       total 171008K, used 0K [0x00000006c6600000, 0x00000006d0d00000, 0x000000076cd00000)
  object space 171008K, 0% used [0x00000006c6600000,0x00000006c6600000,0x00000006d0d00000)
 Metaspace       used 16012K, capacity 16280K, committed 16384K, reserved 1062912K
  class space    used 1952K, capacity 2034K, committed 2048K, reserved 1048576K
Event: 1.206 GC heap after
Heap after GC invocations=1 (full 0):
 PSYoungGen      total 74752K, used 10235K [0x000000076cd00000, 0x0000000775f00000, 0x00000007c0000000)
  eden space 64512K, 0% used [0x000000076cd00000,0x000000076cd00000,0x0000000770c00000)
  from space 10240K, 99% used [0x0000000770c00000,0x00000007715fec00,0x0000000771600000)
  to   space 10240K, 0% used [0x0000000775500000,0x0000000775500000,0x0000000775f00000)
 ParOldGen       total 171008K, used 1257K [0x00000006c6600000, 0x00000006d0d00000, 0x000000076cd00000)
  object space 171008K, 0% used [0x00000006c6600000,0x00000006c673a608,0x00000006d0d00000)
 Metaspace       used 16012K, capacity 16280K, committed 16384K, reserved 1062912K
  class space    used 1952K, capacity 2034K, committed 2048K, reserved 1048576K
}
Event: 1.771 GC heap before
{Heap before GC invocations=2 (full 0):
 PSYoungGen      total 74752K, used 47198K [0x000000076cd00000, 0x0000000775f00000, 0x00000007c0000000)
  eden space 64512K, 57% used [0x000000076cd00000,0x000000076f118e00,0x0000000770c00000)
  from space 10240K, 99% used [0x0000000770c00000,0x00000007715fec00,0x0000000771600000)
  to   space 10240K, 0% used [0x0000000775500000,0x0000000775500000,0x0000000775f00000)
 ParOldGen       total 171008K, used 1257K [0x00000006c6600000, 0x00000006d0d00000, 0x000000076cd00000)
  object space 171008K, 0% used [0x00000006c6600000,0x00000006c673a608,0x00000006d0d00000)
 Metaspace       used 20847K, capacity 21128K, committed 21296K, reserved 1069056K
  class space    used 2530K, capacity 2621K, committed 2688K, reserved 1048576K
Event: 1.792 GC heap after
Heap after GC invocations=2 (full 0):
 PSYoungGen      total 139264K, used 10223K [0x000000076cd00000, 0x0000000775f00000, 0x00000007c0000000)
  eden space 129024K, 0% used [0x000000076cd00000,0x000000076cd00000,0x0000000774b00000)
  from space 10240K, 99% used [0x0000000775500000,0x0000000775efbd98,0x0000000775f00000)
  to   space 10240K, 0% used [0x0000000774b00000,0x0000000774b00000,0x0000000775500000)
 ParOldGen       total 171008K, used 2246K [0x00000006c6600000, 0x00000006d0d00000, 0x000000076cd00000)
  object space 171008K, 1% used [0x00000006c6600000,0x00000006c6831b00,0x00000006d0d00000)
 Metaspace       used 20847K, capacity 21128K, committed 21296K, reserved 1069056K
  class space    used 2530K, capacity 2621K, committed 2688K, reserved 1048576K
}
Event: 1.792 GC heap before
{Heap before GC invocations=3 (full 1):
 PSYoungGen      total 139264K, used 10223K [0x000000076cd00000, 0x0000000775f00000, 0x00000007c0000000)
  eden space 129024K, 0% used [0x000000076cd00000,0x000000076cd00000,0x0000000774b00000)
  from space 10240K, 99% used [0x0000000775500000,0x0000000775efbd98,0x0000000775f00000)
  to   space 10240K, 0% used [0x0000000774b00000,0x0000000774b00000,0x0000000775500000)
 ParOldGen       total 171008K, used 2246K [0x00000006c6600000, 0x00000006d0d00000, 0x000000076cd00000)
  object space 171008K, 1% used [0x00000006c6600000,0x00000006c6831b00,0x00000006d0d00000)
 Metaspace       used 20847K, capacity 21128K, committed 21296K, reserved 1069056K
  class space    used 2530K, capacity 2621K, committed 2688K, reserved 1048576K
Event: 1.844 GC heap after
Heap after GC invocations=3 (full 1):
 PSYoungGen      total 139264K, used 0K [0x000000076cd00000, 0x0000000775f00000, 0x00000007c0000000)
  eden space 129024K, 0% used [0x000000076cd00000,0x000000076cd00000,0x0000000774b00000)
  from space 10240K, 0% used [0x0000000775500000,0x0000000775500000,0x0000000775f00000)
  to   space 10240K, 0% used [0x0000000774b00000,0x0000000774b00000,0x0000000775500000)
 ParOldGen       total 111616K, used 10865K [0x00000006c6600000, 0x00000006cd300000, 0x000000076cd00000)
  object space 111616K, 9% used [0x00000006c6600000,0x00000006c709c590,0x00000006cd300000)
 Metaspace       used 20847K, capacity 21128K, committed 21296K, reserved 1069056K
  class space    used 2530K, capacity 2621K, committed 2688K, reserved 1048576K
}
Event: 3.496 GC heap before
{Heap before GC invocations=4 (full 1):
 PSYoungGen      total 139264K, used 129024K [0x000000076cd00000, 0x0000000775f00000, 0x00000007c0000000)
  eden space 129024K, 100% used [0x000000076cd00000,0x0000000774b00000,0x0000000774b00000)
  from space 10240K, 0% used [0x0000000775500000,0x0000000775500000,0x0000000775f00000)
  to   space 10240K, 0% used [0x0000000774b00000,0x0000000774b00000,0x0000000775500000)
 ParOldGen       total 111616K, used 10865K [0x00000006c6600000, 0x00000006cd300000, 0x000000076cd00000)
  object space 111616K, 9% used [0x00000006c6600000,0x00000006c709c590,0x00000006cd300000)
 Metaspace       used 27553K, capacity 27896K, committed 28160K, reserved 1073152K
  class space    used 3346K, capacity 3461K, committed 3584K, reserved 1048576K
Event: 3.516 GC heap after
Heap after GC invocations=4 (full 1):
 PSYoungGen      total 139264K, used 10235K [0x000000076cd00000, 0x0000000779380000, 0x00000007c0000000)
  eden space 129024K, 0% used [0x000000076cd00000,0x000000076cd00000,0x0000000774b00000)
  from space 10240K, 99% used [0x0000000774b00000,0x00000007754fecb0,0x0000000775500000)
  to   space 10240K, 0% used [0x0000000778980000,0x0000000778980000,0x0000000779380000)
 ParOldGen       total 111616K, used 11546K [0x00000006c6600000, 0x00000006cd300000, 0x000000076cd00000)
  object space 111616K, 10% used [0x00000006c6600000,0x00000006c71469f0,0x00000006cd300000)
 Metaspace       used 27553K, capacity 27896K, committed 28160K, reserved 1073152K
  class space    used 3346K, capacity 3461K, committed 3584K, reserved 1048576K
}

